18:49:06.959 [INFO] Connecting locally to instance AD/ENG.
18:49:07.838 [INFO] Connected to Arcad Server instance AD/ENG version 22.02.14 with CCSID 37
18:49:08.340 [INFO] Starting project synchronization
18:49:08.817 [INFO] Importing previous transfers from /ArcADSCM/ATU/SB.00.06/transfersList.json
18:49:08.915 [INFO] Configuration summary:
	- Repository: git@github.com:AdrianAtArcad/atuMerlin.git
	- Branch: FT/countryfile
	- Application: ATU
	- Project IFS directory: /home/atully/atuMerlin
	- Target IFS directory: /ArcADSCM/ATU/SB.00.06
	- Target version: ATU D SB.00.06
	- Hash comparison: MD5
	- Synchronization type: SANDBOX
18:49:08.915 [INFO] Preparing transfer operations
18:49:09.298 [INFO] Created 16 transfer operation(s)
18:49:09.431 [INFO] Transferring 1 member(s) to file QRPGLESRC; 36 skipped
18:49:10.476 [INFO] Transfer to file QRPGLESRC complete
18:49:10.477 [INFO] Nothing to transfer to QRPGSRC; all transfers were skipped.
18:49:10.477 [INFO] Nothing to transfer to QMSGFSRC; all transfers were skipped.
18:49:10.478 [INFO] Nothing to transfer to QDTASRC; all transfers were skipped.
18:49:10.478 [INFO] Nothing to transfer to QDDSSRC; all transfers were skipped.
18:49:10.478 [INFO] Nothing to transfer to QCLSRC; all transfers were skipped.
18:49:10.478 [INFO] Nothing to transfer to QILESRC; all transfers were skipped.
18:49:10.479 [INFO] Nothing to transfer to QILESRVSRC; all transfers were skipped.
18:49:10.479 [INFO] Nothing to transfer to QPNLSRC; all transfers were skipped.
18:49:10.479 [INFO] Nothing to transfer to QCMDSRC; all transfers were skipped.
18:49:10.479 [INFO] Nothing to transfer to QSQLSRC; all transfers were skipped.
18:49:10.479 [INFO] Nothing to transfer to QSRVSRC; all transfers were skipped.
18:49:10.480 [INFO] Nothing to transfer to QTRGSRC; all transfers were skipped.
18:49:10.480 [INFO] Nothing to transfer to QPROTOSRC; all transfers were skipped.
18:49:10.480 [INFO] Nothing to transfer to QCBLSRC; all transfers were skipped.
18:49:10.480 [INFO] Nothing to transfer to QBNDSRC; all transfers were skipped.
18:49:10.603 [INFO] Exported transfers list to /ArcADSCM/ATU/SB.00.06/transfersList.json
18:49:10.604 [INFO] Duration: 1 second(s)
18:49:10.630 [INFO] Running unitary compilation for 1 component(s)
18:49:11.025 [INFO] Created Smart Compiler list ATUDSB0006/SMARTCPL with 1 component(s) to compile:
	- ART300 (RPGLE/*RPGMOD)
18:49:11.749 [INFO] Waiting for compilations to end...
18:49:13.250 [INFO] 1 component(s) successfully compiled
18:49:13.251 [INFO] Writing compilation logs
18:49:13.283 [INFO] Writing 2 spooled file(s)
18:49:13.399 [INFO] Writing 1 event file(s)
